# JRE version: OpenJDK Runtime Environment Temurin-17.0.4+8 (17.0.4+8) (build 17.0.4+8)
# Java VM: OpenJDK 64-Bit Server VM Temurin-17.0.4+8 (17.0.4+8, mixed mode, emulated-client, tiered, compressed oops, compressed class ptrs, g1 gc, linux-amd64)
GC Precious Log:
 CPUs: 2 total, 2 available
 Memory: 7966M
 Large Page Support: Disabled
 NUMA Support: Disabled
 Compressed Oops: Enabled (32-bit)
 Heap Region Size: 1M
 Heap Min Capacity: 8M
 Heap Initial Capacity: 126M
 Heap Max Capacity: 1992M
 Pre-touch: Disabled
 Parallel Workers: 2
 Concurrent Workers: 1
 Concurrent Refinement Workers: 2
 Periodic GC: Disabled
Heap:
 garbage-first heap   total 359424K, used 97480K [0x0000000083800000, 0x0000000100000000)
  region size 1024K, 18 young (18432K), 18 survivors (18432K)
 Metaspace       used 39212K, committed 39552K, reserved 1089536K
  class space    used 5016K, committed 5184K, reserved 1048576K
GC Heap History (20 events):
Event: 3.056 GC heap after
{Heap after GC invocations=15 (full 0):
 garbage-first heap   total 119808K, used 33374K [0x0000000083800000, 0x0000000100000000)
  region size 1024K, 2 young (2048K), 2 survivors (2048K)
 Metaspace       used 34414K, committed 34816K, reserved 1081344K
  class space    used 4436K, committed 4608K, reserved 1048576K
}
Event: 3.239 GC heap before
{Heap before GC invocations=16 (full 0):
 garbage-first heap   total 119808K, used 83550K [0x0000000083800000, 0x0000000100000000)
  region size 1024K, 51 young (52224K), 2 survivors (2048K)
 Metaspace       used 34931K, committed 35200K, reserved 1081344K
  class space    used 4524K, committed 4672K, reserved 1048576K
}
Event: 3.283 GC heap after
{Heap after GC invocations=17 (full 0):
 garbage-first heap   total 119808K, used 46542K [0x0000000083800000, 0x0000000100000000)
  region size 1024K, 7 young (7168K), 7 survivors (7168K)
 Metaspace       used 34931K, committed 35200K, reserved 1081344K
  class space    used 4524K, committed 4672K, reserved 1048576K
}
Event: 3.295 GC heap before
{Heap before GC invocations=17 (full 0):
 garbage-first heap   total 119808K, used 47566K [0x0000000083800000, 0x0000000100000000)
  region size 1024K, 8 young (8192K), 7 survivors (7168K)
 Metaspace       used 34978K, committed 35264K, reserved 1081344K
  class space    used 4533K, committed 4672K, reserved 1048576K
}
Event: 3.313 GC heap after
{Heap after GC invocations=18 (full 0):
 garbage-first heap   total 119808K, used 47710K [0x0000000083800000, 0x0000000100000000)
  region size 1024K, 1 young (1024K), 1 survivors (1024K)
 Metaspace       used 34978K, committed 35264K, reserved 1081344K
  class space    used 4533K, committed 4672K, reserved 1048576K
}
Event: 3.489 GC heap before
{Heap before GC invocations=18 (full 0):
 garbage-first heap   total 119808K, used 81502K [0x0000000083800000, 0x0000000100000000)
  region size 1024K, 33 young (33792K), 1 survivors (1024K)
 Metaspace       used 36124K, committed 36480K, reserved 1081344K
  class space    used 4758K, committed 4928K, reserved 1048576K
}
Event: 3.539 GC heap after
{Heap after GC invocations=19 (full 0):
 garbage-first heap   total 119808K, used 63070K [0x0000000083800000, 0x0000000100000000)
  region size 1024K, 5 young (5120K), 5 survivors (5120K)
 Metaspace       used 36124K, committed 36480K, reserved 1081344K
  class space    used 4758K, committed 4928K, reserved 1048576K
}
Event: 3.587 GC heap before
{Heap before GC invocations=19 (full 0):
 garbage-first heap   total 119808K, used 85598K [0x0000000083800000, 0x0000000100000000)
  region size 1024K, 28 young (28672K), 5 survivors (5120K)
 Metaspace       used 36283K, committed 36608K, reserved 1081344K
  class space    used 4781K, committed 4928K, reserved 1048576K
}
Event: 3.598 GC heap after
{Heap after GC invocations=20 (full 0):
 garbage-first heap   total 119808K, used 65036K [0x0000000083800000, 0x0000000100000000)
  region size 1024K, 2 young (2048K), 2 survivors (2048K)
 Metaspace       used 36283K, committed 36608K, reserved 1081344K
  class space    used 4781K, committed 4928K, reserved 1048576K
}
Event: 3.654 GC heap before
{Heap before GC invocations=20 (full 0):
 garbage-first heap   total 119808K, used 88588K [0x0000000083800000, 0x0000000100000000)
  region size 1024K, 26 young (26624K), 2 survivors (2048K)
 Metaspace       used 36561K, committed 36864K, reserved 1081344K
  class space    used 4803K, committed 4928K, reserved 1048576K
}
Event: 3.659 GC heap after
{Heap after GC invocations=21 (full 0):
 garbage-first heap   total 359424K, used 65630K [0x0000000083800000, 0x0000000100000000)
  region size 1024K, 2 young (2048K), 2 survivors (2048K)
 Metaspace       used 36561K, committed 36864K, reserved 1081344K
  class space    used 4803K, committed 4928K, reserved 1048576K
}
Event: 3.989 GC heap before
{Heap before GC invocations=22 (full 0):
 garbage-first heap   total 359424K, used 254046K [0x0000000083800000, 0x0000000100000000)
  region size 1024K, 189 young (193536K), 2 survivors (2048K)
 Metaspace       used 37204K, committed 37504K, reserved 1089536K
  class space    used 4851K, committed 4992K, reserved 1048576K
}
Event: 4.006 GC heap after
{Heap after GC invocations=23 (full 0):
 garbage-first heap   total 359424K, used 72155K [0x0000000083800000, 0x0000000100000000)
  region size 1024K, 10 young (10240K), 10 survivors (10240K)
 Metaspace       used 37204K, committed 37504K, reserved 1089536K
  class space    used 4851K, committed 4992K, reserved 1048576K
}
Event: 4.012 GC heap before
{Heap before GC invocations=23 (full 0):
 garbage-first heap   total 359424K, used 78299K [0x0000000083800000, 0x0000000100000000)
  region size 1024K, 17 young (17408K), 10 survivors (10240K)
 Metaspace       used 37214K, committed 37504K, reserved 1089536K
  class space    used 4854K, committed 4992K, reserved 1048576K
}
Event: 4.024 GC heap after
{Heap after GC invocations=24 (full 0):
 garbage-first heap   total 359424K, used 72255K [0x0000000083800000, 0x0000000100000000)
  region size 1024K, 1 young (1024K), 1 survivors (1024K)
 Metaspace       used 37214K, committed 37504K, reserved 1089536K
  class space    used 4854K, committed 4992K, reserved 1048576K
}
Event: 4.182 GC heap before
{Heap before GC invocations=24 (full 0):
 garbage-first heap   total 359424K, used 273983K [0x0000000083800000, 0x0000000100000000)
  region size 1024K, 199 young (203776K), 1 survivors (1024K)
 Metaspace       used 38244K, committed 38528K, reserved 1089536K
  class space    used 4914K, committed 5056K, reserved 1048576K
}
Event: 4.196 GC heap after
{Heap after GC invocations=25 (full 0):
 garbage-first heap   total 359424K, used 79850K [0x0000000083800000, 0x0000000100000000)
  region size 1024K, 9 young (9216K), 9 survivors (9216K)
 Metaspace       used 38244K, committed 38528K, reserved 1089536K
  class space    used 4914K, committed 5056K, reserved 1048576K
}
Event: 4.351 GC heap before
{Heap before GC invocations=25 (full 0):
 garbage-first heap   total 359424K, used 280554K [0x0000000083800000, 0x0000000100000000)
  region size 1024K, 206 young (210944K), 9 survivors (9216K)
 Metaspace       used 38569K, committed 38912K, reserved 1089536K
  class space    used 4947K, committed 5120K, reserved 1048576K
}
Event: 4.377 GC heap after
{Heap after GC invocations=26 (full 0):
 garbage-first heap   total 359424K, used 89151K [0x0000000083800000, 0x0000000100000000)
  region size 1024K, 18 young (18432K), 18 survivors (18432K)
 Metaspace       used 38569K, committed 38912K, reserved 1089536K
  class space    used 4947K, committed 5120K, reserved 1048576K
}
Event: 4.546 GC heap before
{Heap before GC invocations=26 (full 0):
 garbage-first heap   total 359424K, used 285759K [0x0000000083800000, 0x0000000100000000)
  region size 1024K, 211 young (216064K), 18 survivors (18432K)
 Metaspace       used 39212K, committed 39552K, reserved 1089536K
  class space    used 5016K, committed 5184K, reserved 1048576K
}

