# JRE version: OpenJDK Runtime Environment Temurin-17.0.4+8 (17.0.4+8) (build 17.0.4+8)
# Java VM: OpenJDK 64-Bit Server VM Temurin-17.0.4+8 (17.0.4+8, mixed mode, emulated-client, tiered, compressed oops, compressed class ptrs, g1 gc, linux-amd64)
GC Precious Log:
 CPUs: 2 total, 2 available
 Memory: 7966M
 Large Page Support: Disabled
 NUMA Support: Disabled
 Compressed Oops: Enabled (32-bit)
 Heap Region Size: 1M
 Heap Min Capacity: 8M
 Heap Initial Capacity: 126M
 Heap Max Capacity: 1992M
 Pre-touch: Disabled
 Parallel Workers: 2
 Concurrent Workers: 1
 Concurrent Refinement Workers: 2
 Periodic GC: Disabled
Heap:
 garbage-first heap   total 569344K, used 148825K [0x0000000083800000, 0x0000000100000000)
  region size 1024K, 34 young (34816K), 34 survivors (34816K)
 Metaspace       used 43474K, committed 43840K, reserved 1089536K
  class space    used 5462K, committed 5632K, reserved 1048576K
GC Heap History (20 events):
Event: 4.785 GC heap after
{Heap after GC invocations=20 (full 0):
 garbage-first heap   total 114688K, used 64344K [0x0000000083800000, 0x0000000100000000)
  region size 1024K, 2 young (2048K), 2 survivors (2048K)
 Metaspace       used 36513K, committed 36800K, reserved 1081344K
  class space    used 4793K, committed 4928K, reserved 1048576K
}
Event: 4.837 GC heap before
{Heap before GC invocations=20 (full 0):
 garbage-first heap   total 114688K, used 83800K [0x0000000083800000, 0x0000000100000000)
  region size 1024K, 22 young (22528K), 2 survivors (2048K)
 Metaspace       used 36740K, committed 37056K, reserved 1089536K
  class space    used 4813K, committed 4928K, reserved 1048576K
}
Event: 4.840 GC heap after
{Heap after GC invocations=21 (full 0):
 garbage-first heap   total 114688K, used 64857K [0x0000000083800000, 0x0000000100000000)
  region size 1024K, 2 young (2048K), 2 survivors (2048K)
 Metaspace       used 36740K, committed 37056K, reserved 1089536K
  class space    used 4813K, committed 4928K, reserved 1048576K
}
Event: 4.885 GC heap before
{Heap before GC invocations=21 (full 0):
 garbage-first heap   total 114688K, used 86361K [0x0000000083800000, 0x0000000100000000)
  region size 1024K, 24 young (24576K), 2 survivors (2048K)
 Metaspace       used 36861K, committed 37184K, reserved 1089536K
  class space    used 4815K, committed 4992K, reserved 1048576K
}
Event: 4.890 GC heap after
{Heap after GC invocations=22 (full 0):
 garbage-first heap   total 284672K, used 66001K [0x0000000083800000, 0x0000000100000000)
  region size 1024K, 2 young (2048K), 2 survivors (2048K)
 Metaspace       used 36861K, committed 37184K, reserved 1089536K
  class space    used 4815K, committed 4992K, reserved 1048576K
}
Event: 5.122 GC heap before
{Heap before GC invocations=22 (full 0):
 garbage-first heap   total 284672K, used 177617K [0x0000000083800000, 0x0000000100000000)
  region size 1024K, 113 young (115712K), 2 survivors (2048K)
 Metaspace       used 37289K, committed 37568K, reserved 1089536K
  class space    used 4857K, committed 4992K, reserved 1048576K
}
Event: 5.135 GC heap after
{Heap after GC invocations=23 (full 0):
 garbage-first heap   total 284672K, used 70354K [0x0000000083800000, 0x0000000100000000)
  region size 1024K, 7 young (7168K), 7 survivors (7168K)
 Metaspace       used 37289K, committed 37568K, reserved 1089536K
  class space    used 4857K, committed 4992K, reserved 1048576K
}
Event: 5.331 GC heap before
{Heap before GC invocations=23 (full 0):
 garbage-first heap   total 284672K, used 213714K [0x0000000083800000, 0x0000000100000000)
  region size 1024K, 149 young (152576K), 7 survivors (7168K)
 Metaspace       used 37940K, committed 38272K, reserved 1089536K
  class space    used 4909K, committed 5056K, reserved 1048576K
}
Event: 5.347 GC heap after
{Heap after GC invocations=24 (full 0):
 garbage-first heap   total 284672K, used 74768K [0x0000000083800000, 0x0000000100000000)
  region size 1024K, 12 young (12288K), 12 survivors (12288K)
 Metaspace       used 37940K, committed 38272K, reserved 1089536K
  class space    used 4909K, committed 5056K, reserved 1048576K
}
Event: 5.464 GC heap before
{Heap before GC invocations=25 (full 0):
 garbage-first heap   total 284672K, used 220176K [0x0000000083800000, 0x0000000100000000)
  region size 1024K, 156 young (159744K), 12 survivors (12288K)
 Metaspace       used 38551K, committed 38848K, reserved 1089536K
  class space    used 4942K, committed 5056K, reserved 1048576K
}
Event: 5.487 GC heap after
{Heap after GC invocations=26 (full 0):
 garbage-first heap   total 284672K, used 81579K [0x0000000083800000, 0x0000000100000000)
  region size 1024K, 17 young (17408K), 17 survivors (17408K)
 Metaspace       used 38551K, committed 38848K, reserved 1089536K
  class space    used 4942K, committed 5056K, reserved 1048576K
}
Event: 5.488 GC heap before
{Heap before GC invocations=26 (full 0):
 garbage-first heap   total 284672K, used 81579K [0x0000000083800000, 0x0000000100000000)
  region size 1024K, 18 young (18432K), 17 survivors (17408K)
 Metaspace       used 38551K, committed 38848K, reserved 1089536K
  class space    used 4942K, committed 5056K, reserved 1048576K
}
Event: 5.506 GC heap after
{Heap after GC invocations=27 (full 0):
 garbage-first heap   total 569344K, used 82212K [0x0000000083800000, 0x0000000100000000)
  region size 1024K, 1 young (1024K), 1 survivors (1024K)
 Metaspace       used 38551K, committed 38848K, reserved 1089536K
  class space    used 4942K, committed 5056K, reserved 1048576K
}
Event: 5.905 GC heap before
{Heap before GC invocations=27 (full 0):
 garbage-first heap   total 569344K, used 421156K [0x0000000083800000, 0x0000000100000000)
  region size 1024K, 334 young (342016K), 1 survivors (1024K)
 Metaspace       used 39431K, committed 39808K, reserved 1089536K
  class space    used 5047K, committed 5248K, reserved 1048576K
}
Event: 5.926 GC heap after
{Heap after GC invocations=28 (full 0):
 garbage-first heap   total 569344K, used 97572K [0x0000000083800000, 0x0000000100000000)
  region size 1024K, 16 young (16384K), 16 survivors (16384K)
 Metaspace       used 39431K, committed 39808K, reserved 1089536K
  class space    used 5047K, committed 5248K, reserved 1048576K
}
Event: 6.159 GC heap before
{Heap before GC invocations=28 (full 0):
 garbage-first heap   total 569344K, used 421156K [0x0000000083800000, 0x0000000100000000)
  region size 1024K, 333 young (340992K), 16 survivors (16384K)
 Metaspace       used 39431K, committed 39808K, reserved 1089536K
  class space    used 5047K, committed 5248K, reserved 1048576K
}
Event: 6.186 GC heap after
{Heap after GC invocations=29 (full 0):
 garbage-first heap   total 569344K, used 113956K [0x0000000083800000, 0x0000000100000000)
  region size 1024K, 32 young (32768K), 32 survivors (32768K)
 Metaspace       used 39431K, committed 39808K, reserved 1089536K
  class space    used 5047K, committed 5248K, reserved 1048576K
}
Event: 6.511 GC heap before
{Heap before GC invocations=29 (full 0):
 garbage-first heap   total 569344K, used 421156K [0x0000000083800000, 0x0000000100000000)
  region size 1024K, 334 young (342016K), 32 survivors (32768K)
 Metaspace       used 40948K, committed 41344K, reserved 1089536K
  class space    used 5178K, committed 5376K, reserved 1048576K
}
Event: 6.547 GC heap after
{Heap after GC invocations=30 (full 0):
 garbage-first heap   total 569344K, used 133424K [0x0000000083800000, 0x0000000100000000)
  region size 1024K, 35 young (35840K), 35 survivors (35840K)
 Metaspace       used 40948K, committed 41344K, reserved 1089536K
  class space    used 5178K, committed 5376K, reserved 1048576K
}
Event: 6.932 GC heap before
{Heap before GC invocations=30 (full 0):
 garbage-first heap   total 569344K, used 437552K [0x0000000083800000, 0x0000000100000000)
  region size 1024K, 333 young (340992K), 35 survivors (35840K)
 Metaspace       used 43474K, committed 43840K, reserved 1089536K
  class space    used 5462K, committed 5632K, reserved 1048576K
}

