# JRE version: OpenJDK Runtime Environment Temurin-17.0.4+8 (17.0.4+8) (build 17.0.4+8)
# Java VM: OpenJDK 64-Bit Server VM Temurin-17.0.4+8 (17.0.4+8, mixed mode, emulated-client, tiered, compressed oops, compressed class ptrs, g1 gc, linux-amd64)
GC Precious Log:
 CPUs: 2 total, 2 available
 Memory: 7966M
 Large Page Support: Disabled
 NUMA Support: Disabled
 Compressed Oops: Enabled (32-bit)
 Heap Region Size: 1M
 Heap Min Capacity: 8M
 Heap Initial Capacity: 126M
 Heap Max Capacity: 1992M
 Pre-touch: Disabled
 Parallel Workers: 2
 Concurrent Workers: 1
 Concurrent Refinement Workers: 2
 Periodic GC: Disabled
Heap:
 garbage-first heap   total 299008K, used 94295K [0x0000000083800000, 0x0000000100000000)
  region size 1024K, 14 young (14336K), 14 survivors (14336K)
 Metaspace       used 38673K, committed 39040K, reserved 1089536K
  class space    used 4959K, committed 5120K, reserved 1048576K
GC Heap History (20 events):
Event: 3.738 GC heap after
{Heap after GC invocations=17 (full 0):
 garbage-first heap   total 112640K, used 43862K [0x0000000083800000, 0x0000000100000000)
  region size 1024K, 6 young (6144K), 6 survivors (6144K)
 Metaspace       used 34357K, committed 34688K, reserved 1081344K
  class space    used 4441K, committed 4608K, reserved 1048576K
}
Event: 3.986 GC heap before
{Heap before GC invocations=17 (full 0):
 garbage-first heap   total 112640K, used 77654K [0x0000000083800000, 0x0000000100000000)
  region size 1024K, 38 young (38912K), 6 survivors (6144K)
 Metaspace       used 35702K, committed 36032K, reserved 1081344K
  class space    used 4683K, committed 4800K, reserved 1048576K
}
Event: 4.050 GC heap after
{Heap after GC invocations=18 (full 0):
 garbage-first heap   total 112640K, used 58746K [0x0000000083800000, 0x0000000100000000)
  region size 1024K, 5 young (5120K), 5 survivors (5120K)
 Metaspace       used 35702K, committed 36032K, reserved 1081344K
  class space    used 4683K, committed 4800K, reserved 1048576K
}
Event: 4.184 GC heap before
{Heap before GC invocations=18 (full 0):
 garbage-first heap   total 112640K, used 81274K [0x0000000083800000, 0x0000000100000000)
  region size 1024K, 28 young (28672K), 5 survivors (5120K)
 Metaspace       used 36127K, committed 36480K, reserved 1081344K
  class space    used 4761K, committed 4928K, reserved 1048576K
}
Event: 4.239 GC heap after
{Heap after GC invocations=19 (full 0):
 garbage-first heap   total 112640K, used 64378K [0x0000000083800000, 0x0000000100000000)
  region size 1024K, 4 young (4096K), 4 survivors (4096K)
 Metaspace       used 36127K, committed 36480K, reserved 1081344K
  class space    used 4761K, committed 4928K, reserved 1048576K
}
Event: 4.344 GC heap before
{Heap before GC invocations=19 (full 0):
 garbage-first heap   total 112640K, used 83834K [0x0000000083800000, 0x0000000100000000)
  region size 1024K, 24 young (24576K), 4 survivors (4096K)
 Metaspace       used 36349K, committed 36672K, reserved 1081344K
  class space    used 4791K, committed 4928K, reserved 1048576K
}
Event: 4.361 GC heap after
{Heap after GC invocations=20 (full 0):
 garbage-first heap   total 112640K, used 65802K [0x0000000083800000, 0x0000000100000000)
  region size 1024K, 2 young (2048K), 2 survivors (2048K)
 Metaspace       used 36349K, committed 36672K, reserved 1081344K
  class space    used 4791K, committed 4928K, reserved 1048576K
}
Event: 4.415 GC heap before
{Heap before GC invocations=20 (full 0):
 garbage-first heap   total 112640K, used 85258K [0x0000000083800000, 0x0000000100000000)
  region size 1024K, 23 young (23552K), 2 survivors (2048K)
 Metaspace       used 36379K, committed 36672K, reserved 1081344K
  class space    used 4794K, committed 4928K, reserved 1048576K
}
Event: 4.421 GC heap after
{Heap after GC invocations=21 (full 0):
 garbage-first heap   total 299008K, used 66393K [0x0000000083800000, 0x0000000100000000)
  region size 1024K, 2 young (2048K), 2 survivors (2048K)
 Metaspace       used 36379K, committed 36672K, reserved 1081344K
  class space    used 4794K, committed 4928K, reserved 1048576K
}
Event: 4.624 GC heap before
{Heap before GC invocations=21 (full 0):
 garbage-first heap   total 299008K, used 164697K [0x0000000083800000, 0x0000000100000000)
  region size 1024K, 100 young (102400K), 2 survivors (2048K)
 Metaspace       used 36867K, committed 37184K, reserved 1089536K
  class space    used 4820K, committed 4992K, reserved 1048576K
}
Event: 4.634 GC heap after
{Heap after GC invocations=22 (full 0):
 garbage-first heap   total 299008K, used 69349K [0x0000000083800000, 0x0000000100000000)
  region size 1024K, 6 young (6144K), 6 survivors (6144K)
 Metaspace       used 36867K, committed 37184K, reserved 1089536K
  class space    used 4820K, committed 4992K, reserved 1048576K
}
Event: 4.798 GC heap before
{Heap before GC invocations=23 (full 0):
 garbage-first heap   total 299008K, used 216805K [0x0000000083800000, 0x0000000100000000)
  region size 1024K, 152 young (155648K), 6 survivors (6144K)
 Metaspace       used 37158K, committed 37504K, reserved 1089536K
  class space    used 4849K, committed 4992K, reserved 1048576K
}
Event: 4.840 GC heap after
{Heap after GC invocations=24 (full 0):
 garbage-first heap   total 299008K, used 74554K [0x0000000083800000, 0x0000000100000000)
  region size 1024K, 11 young (11264K), 11 survivors (11264K)
 Metaspace       used 37158K, committed 37504K, reserved 1089536K
  class space    used 4849K, committed 4992K, reserved 1048576K
}
Event: 4.844 GC heap before
{Heap before GC invocations=24 (full 0):
 garbage-first heap   total 299008K, used 76602K [0x0000000083800000, 0x0000000100000000)
  region size 1024K, 15 young (15360K), 11 survivors (11264K)
 Metaspace       used 37172K, committed 37504K, reserved 1089536K
  class space    used 4849K, committed 4992K, reserved 1048576K
}
Event: 4.866 GC heap after
{Heap after GC invocations=25 (full 0):
 garbage-first heap   total 299008K, used 74896K [0x0000000083800000, 0x0000000100000000)
  region size 1024K, 1 young (1024K), 1 survivors (1024K)
 Metaspace       used 37172K, committed 37504K, reserved 1089536K
  class space    used 4849K, committed 4992K, reserved 1048576K
}
Event: 5.027 GC heap before
{Heap before GC invocations=25 (full 0):
 garbage-first heap   total 299008K, used 226448K [0x0000000083800000, 0x0000000100000000)
  region size 1024K, 149 young (152576K), 1 survivors (1024K)
 Metaspace       used 37843K, committed 38144K, reserved 1089536K
  class space    used 4911K, committed 5056K, reserved 1048576K
}
Event: 5.036 GC heap after
{Heap after GC invocations=26 (full 0):
 garbage-first heap   total 299008K, used 80772K [0x0000000083800000, 0x0000000100000000)
  region size 1024K, 7 young (7168K), 7 survivors (7168K)
 Metaspace       used 37843K, committed 38144K, reserved 1089536K
  class space    used 4911K, committed 5056K, reserved 1048576K
}
Event: 5.216 GC heap before
{Heap before GC invocations=26 (full 0):
 garbage-first heap   total 299008K, used 232324K [0x0000000083800000, 0x0000000100000000)
  region size 1024K, 155 young (158720K), 7 survivors (7168K)
 Metaspace       used 38523K, committed 38784K, reserved 1089536K
  class space    used 4939K, committed 5056K, reserved 1048576K
}
Event: 5.236 GC heap after
{Heap after GC invocations=27 (full 0):
 garbage-first heap   total 299008K, used 87696K [0x0000000083800000, 0x0000000100000000)
  region size 1024K, 14 young (14336K), 14 survivors (14336K)
 Metaspace       used 38523K, committed 38784K, reserved 1089536K
  class space    used 4939K, committed 5056K, reserved 1048576K
}
Event: 5.379 GC heap before
{Heap before GC invocations=27 (full 0):
 garbage-first heap   total 299008K, used 236176K [0x0000000083800000, 0x0000000100000000)
  region size 1024K, 160 young (163840K), 14 survivors (14336K)
 Metaspace       used 38673K, committed 39040K, reserved 1089536K
  class space    used 4959K, committed 5120K, reserved 1048576K
}

