# JRE version: OpenJDK Runtime Environment Temurin-17.0.4+8 (17.0.4+8) (build 17.0.4+8)
# Java VM: OpenJDK 64-Bit Server VM Temurin-17.0.4+8 (17.0.4+8, mixed mode, emulated-client, tiered, compressed oops, compressed class ptrs, g1 gc, linux-amd64)
GC Precious Log:
 CPUs: 2 total, 2 available
 Memory: 7966M
 Large Page Support: Disabled
 NUMA Support: Disabled
 Compressed Oops: Enabled (32-bit)
 Heap Region Size: 1M
 Heap Min Capacity: 8M
 Heap Initial Capacity: 126M
 Heap Max Capacity: 1992M
 Pre-touch: Disabled
 Parallel Workers: 2
 Concurrent Workers: 1
 Concurrent Refinement Workers: 2
 Periodic GC: Disabled
Heap:
 garbage-first heap   total 367616K, used 106852K [0x0000000083800000, 0x0000000100000000)
  region size 1024K, 22 young (22528K), 22 survivors (22528K)
 Metaspace       used 39981K, committed 40320K, reserved 1089536K
  class space    used 5097K, committed 5248K, reserved 1048576K
GC Heap History (20 events):
Event: 3.481 GC heap after
{Heap after GC invocations=16 (full 0):
 garbage-first heap   total 149504K, used 49623K [0x0000000083800000, 0x0000000100000000)
  region size 1024K, 9 young (9216K), 9 survivors (9216K)
 Metaspace       used 35790K, committed 36096K, reserved 1081344K
  class space    used 4685K, committed 4800K, reserved 1048576K
}
Event: 3.887 GC heap before
{Heap before GC invocations=16 (full 0):
 garbage-first heap   total 149504K, used 105943K [0x0000000083800000, 0x0000000100000000)
  region size 1024K, 64 young (65536K), 9 survivors (9216K)
 Metaspace       used 37157K, committed 37440K, reserved 1089536K
  class space    used 4845K, committed 4992K, reserved 1048576K
}
Event: 3.937 GC heap after
{Heap after GC invocations=17 (full 0):
 garbage-first heap   total 149504K, used 64367K [0x0000000083800000, 0x0000000100000000)
  region size 1024K, 8 young (8192K), 8 survivors (8192K)
 Metaspace       used 37157K, committed 37440K, reserved 1089536K
  class space    used 4845K, committed 4992K, reserved 1048576K
}
Event: 4.003 GC heap before
{Heap before GC invocations=18 (full 0):
 garbage-first heap   total 149504K, used 104303K [0x0000000083800000, 0x0000000100000000)
  region size 1024K, 48 young (49152K), 8 survivors (8192K)
 Metaspace       used 37448K, committed 37696K, reserved 1089536K
  class space    used 4876K, committed 4992K, reserved 1048576K
}
Event: 4.015 GC heap after
{Heap after GC invocations=19 (full 0):
 garbage-first heap   total 149504K, used 67072K [0x0000000083800000, 0x0000000100000000)
  region size 1024K, 2 young (2048K), 2 survivors (2048K)
 Metaspace       used 37448K, committed 37696K, reserved 1089536K
  class space    used 4876K, committed 4992K, reserved 1048576K
}
Event: 4.062 GC heap before
{Heap before GC invocations=19 (full 0):
 garbage-first heap   total 149504K, used 108032K [0x0000000083800000, 0x0000000100000000)
  region size 1024K, 43 young (44032K), 2 survivors (2048K)
 Metaspace       used 37589K, committed 37888K, reserved 1089536K
  class space    used 4886K, committed 5056K, reserved 1048576K
}
Event: 4.068 GC heap after
{Heap after GC invocations=20 (full 0):
 garbage-first heap   total 149504K, used 68773K [0x0000000083800000, 0x0000000100000000)
  region size 1024K, 4 young (4096K), 4 survivors (4096K)
 Metaspace       used 37589K, committed 37888K, reserved 1089536K
  class space    used 4886K, committed 5056K, reserved 1048576K
}
Event: 4.108 GC heap before
{Heap before GC invocations=20 (full 0):
 garbage-first heap   total 149504K, used 110757K [0x0000000083800000, 0x0000000100000000)
  region size 1024K, 47 young (48128K), 4 survivors (4096K)
 Metaspace       used 37729K, committed 38016K, reserved 1089536K
  class space    used 4896K, committed 5056K, reserved 1048576K
}
Event: 4.115 GC heap after
{Heap after GC invocations=21 (full 0):
 garbage-first heap   total 149504K, used 70765K [0x0000000083800000, 0x0000000100000000)
  region size 1024K, 4 young (4096K), 4 survivors (4096K)
 Metaspace       used 37729K, committed 38016K, reserved 1089536K
  class space    used 4896K, committed 5056K, reserved 1048576K
}
Event: 4.168 GC heap before
{Heap before GC invocations=21 (full 0):
 garbage-first heap   total 149504K, used 114797K [0x0000000083800000, 0x0000000100000000)
  region size 1024K, 48 young (49152K), 4 survivors (4096K)
 Metaspace       used 38122K, committed 38400K, reserved 1089536K
  class space    used 4909K, committed 5056K, reserved 1048576K
}
Event: 4.177 GC heap after
{Heap after GC invocations=22 (full 0):
 garbage-first heap   total 367616K, used 72529K [0x0000000083800000, 0x0000000100000000)
  region size 1024K, 4 young (4096K), 4 survivors (4096K)
 Metaspace       used 38122K, committed 38400K, reserved 1089536K
  class space    used 4909K, committed 5056K, reserved 1048576K
}
Event: 4.376 GC heap before
{Heap before GC invocations=22 (full 0):
 garbage-first heap   total 367616K, used 210769K [0x0000000083800000, 0x0000000100000000)
  region size 1024K, 143 young (146432K), 4 survivors (4096K)
 Metaspace       used 38548K, committed 38848K, reserved 1089536K
  class space    used 4939K, committed 5056K, reserved 1048576K
}
Event: 4.392 GC heap after
{Heap after GC invocations=23 (full 0):
 garbage-first heap   total 367616K, used 76292K [0x0000000083800000, 0x0000000100000000)
  region size 1024K, 10 young (10240K), 10 survivors (10240K)
 Metaspace       used 38548K, committed 38848K, reserved 1089536K
  class space    used 4939K, committed 5056K, reserved 1048576K
}
Event: 4.699 GC heap before
{Heap before GC invocations=24 (full 0):
 garbage-first heap   total 367616K, used 285188K [0x0000000083800000, 0x0000000100000000)
  region size 1024K, 214 young (219136K), 10 survivors (10240K)
 Metaspace       used 38942K, committed 39296K, reserved 1089536K
  class space    used 4976K, committed 5120K, reserved 1048576K
}
Event: 4.777 GC heap after
{Heap after GC invocations=25 (full 0):
 garbage-first heap   total 367616K, used 85684K [0x0000000083800000, 0x0000000100000000)
  region size 1024K, 19 young (19456K), 19 survivors (19456K)
 Metaspace       used 38942K, committed 39296K, reserved 1089536K
  class space    used 4976K, committed 5120K, reserved 1048576K
}
Event: 4.779 GC heap before
{Heap before GC invocations=25 (full 0):
 garbage-first heap   total 367616K, used 86708K [0x0000000083800000, 0x0000000100000000)
  region size 1024K, 20 young (20480K), 19 survivors (19456K)
 Metaspace       used 38959K, committed 39296K, reserved 1089536K
  class space    used 4979K, committed 5120K, reserved 1048576K
}
Event: 4.823 GC heap after
{Heap after GC invocations=26 (full 0):
 garbage-first heap   total 367616K, used 85348K [0x0000000083800000, 0x0000000100000000)
  region size 1024K, 1 young (1024K), 1 survivors (1024K)
 Metaspace       used 38959K, committed 39296K, reserved 1089536K
  class space    used 4979K, committed 5120K, reserved 1048576K
}
Event: 5.091 GC heap before
{Heap before GC invocations=26 (full 0):
 garbage-first heap   total 367616K, used 286052K [0x0000000083800000, 0x0000000100000000)
  region size 1024K, 199 young (203776K), 1 survivors (1024K)
 Metaspace       used 39213K, committed 39552K, reserved 1089536K
  class space    used 5013K, committed 5184K, reserved 1048576K
}
Event: 5.109 GC heap after
{Heap after GC invocations=27 (full 0):
 garbage-first heap   total 367616K, used 93540K [0x0000000083800000, 0x0000000100000000)
  region size 1024K, 9 young (9216K), 9 survivors (9216K)
 Metaspace       used 39213K, committed 39552K, reserved 1089536K
  class space    used 5013K, committed 5184K, reserved 1048576K
}
Event: 5.341 GC heap before
{Heap before GC invocations=27 (full 0):
 garbage-first heap   total 367616K, used 294244K [0x0000000083800000, 0x0000000100000000)
  region size 1024K, 207 young (211968K), 9 survivors (9216K)
 Metaspace       used 39981K, committed 40320K, reserved 1089536K
  class space    used 5097K, committed 5248K, reserved 1048576K
}

