# JRE version: OpenJDK Runtime Environment Temurin-17.0.4+8 (17.0.4+8) (build 17.0.4+8)
# Java VM: OpenJDK 64-Bit Server VM Temurin-17.0.4+8 (17.0.4+8, mixed mode, emulated-client, tiered, compressed oops, compressed class ptrs, g1 gc, linux-amd64)
GC Precious Log:
 CPUs: 2 total, 2 available
 Memory: 7966M
 Large Page Support: Disabled
 NUMA Support: Disabled
 Compressed Oops: Enabled (32-bit)
 Heap Region Size: 1M
 Heap Min Capacity: 8M
 Heap Initial Capacity: 126M
 Heap Max Capacity: 1992M
 Pre-touch: Disabled
 Parallel Workers: 2
 Concurrent Workers: 1
 Concurrent Refinement Workers: 2
 Periodic GC: Disabled
Heap:
 garbage-first heap   total 433152K, used 109199K [0x0000000083800000, 0x0000000100000000)
  region size 1024K, 20 young (20480K), 20 survivors (20480K)
 Metaspace       used 39223K, committed 39552K, reserved 1089536K
  class space    used 5014K, committed 5184K, reserved 1048576K
GC Heap History (20 events):
Event: 3.601 GC heap after
{Heap after GC invocations=14 (full 0):
 garbage-first heap   total 62464K, used 33442K [0x0000000083800000, 0x0000000100000000)
  region size 1024K, 3 young (3072K), 3 survivors (3072K)
 Metaspace       used 33904K, committed 34240K, reserved 1081344K
  class space    used 4360K, committed 4544K, reserved 1048576K
}
Event: 3.640 GC heap before
{Heap before GC invocations=14 (full 0):
 garbage-first heap   total 62464K, used 45730K [0x0000000083800000, 0x0000000100000000)
  region size 1024K, 16 young (16384K), 3 survivors (3072K)
 Metaspace       used 33992K, committed 34304K, reserved 1081344K
  class space    used 4373K, committed 4544K, reserved 1048576K
}
Event: 3.648 GC heap after
{Heap after GC invocations=15 (full 0):
 garbage-first heap   total 155648K, used 35495K [0x0000000083800000, 0x0000000100000000)
  region size 1024K, 2 young (2048K), 2 survivors (2048K)
 Metaspace       used 33992K, committed 34304K, reserved 1081344K
  class space    used 4373K, committed 4544K, reserved 1048576K
}
Event: 4.075 GC heap before
{Heap before GC invocations=16 (full 0):
 garbage-first heap   total 155648K, used 105127K [0x0000000083800000, 0x0000000100000000)
  region size 1024K, 69 young (70656K), 2 survivors (2048K)
 Metaspace       used 35569K, committed 35904K, reserved 1081344K
  class space    used 4648K, committed 4800K, reserved 1048576K
}
Event: 4.156 GC heap after
{Heap after GC invocations=17 (full 0):
 garbage-first heap   total 155648K, used 60801K [0x0000000083800000, 0x0000000100000000)
  region size 1024K, 9 young (9216K), 9 survivors (9216K)
 Metaspace       used 35569K, committed 35904K, reserved 1081344K
  class space    used 4648K, committed 4800K, reserved 1048576K
}
Event: 4.280 GC heap before
{Heap before GC invocations=17 (full 0):
 garbage-first heap   total 155648K, used 97665K [0x0000000083800000, 0x0000000100000000)
  region size 1024K, 47 young (48128K), 9 survivors (9216K)
 Metaspace       used 36085K, committed 36480K, reserved 1081344K
  class space    used 4748K, committed 4928K, reserved 1048576K
}
Event: 4.329 GC heap after
{Heap after GC invocations=18 (full 0):
 garbage-first heap   total 155648K, used 65167K [0x0000000083800000, 0x0000000100000000)
  region size 1024K, 4 young (4096K), 4 survivors (4096K)
 Metaspace       used 36085K, committed 36480K, reserved 1081344K
  class space    used 4748K, committed 4928K, reserved 1048576K
}
Event: 4.412 GC heap before
{Heap before GC invocations=18 (full 0):
 garbage-first heap   total 155648K, used 103055K [0x0000000083800000, 0x0000000100000000)
  region size 1024K, 42 young (43008K), 4 survivors (4096K)
 Metaspace       used 36267K, committed 36608K, reserved 1081344K
  class space    used 4776K, committed 4928K, reserved 1048576K
}
Event: 4.439 GC heap after
{Heap after GC invocations=19 (full 0):
 garbage-first heap   total 155648K, used 67648K [0x0000000083800000, 0x0000000100000000)
  region size 1024K, 3 young (3072K), 3 survivors (3072K)
 Metaspace       used 36267K, committed 36608K, reserved 1081344K
  class space    used 4776K, committed 4928K, reserved 1048576K
}
Event: 4.483 GC heap before
{Heap before GC invocations=19 (full 0):
 garbage-first heap   total 155648K, used 108608K [0x0000000083800000, 0x0000000100000000)
  region size 1024K, 45 young (46080K), 3 survivors (3072K)
 Metaspace       used 36394K, committed 36736K, reserved 1081344K
  class space    used 4791K, committed 4928K, reserved 1048576K
}
Event: 4.496 GC heap after
{Heap after GC invocations=20 (full 0):
 garbage-first heap   total 155648K, used 68745K [0x0000000083800000, 0x0000000100000000)
  region size 1024K, 4 young (4096K), 4 survivors (4096K)
 Metaspace       used 36394K, committed 36736K, reserved 1081344K
  class space    used 4791K, committed 4928K, reserved 1048576K
}
Event: 4.547 GC heap before
{Heap before GC invocations=20 (full 0):
 garbage-first heap   total 155648K, used 112777K [0x0000000083800000, 0x0000000100000000)
  region size 1024K, 48 young (49152K), 4 survivors (4096K)
 Metaspace       used 36559K, committed 36864K, reserved 1081344K
  class space    used 4800K, committed 4928K, reserved 1048576K
}
Event: 4.577 GC heap after
{Heap after GC invocations=21 (full 0):
 garbage-first heap   total 433152K, used 70791K [0x0000000083800000, 0x0000000100000000)
  region size 1024K, 4 young (4096K), 4 survivors (4096K)
 Metaspace       used 36559K, committed 36864K, reserved 1081344K
  class space    used 4800K, committed 4928K, reserved 1048576K
}
Event: 4.946 GC heap before
{Heap before GC invocations=21 (full 0):
 garbage-first heap   total 433152K, used 282759K [0x0000000083800000, 0x0000000100000000)
  region size 1024K, 212 young (217088K), 4 survivors (4096K)
 Metaspace       used 37521K, committed 37888K, reserved 1089536K
  class space    used 4883K, committed 5056K, reserved 1048576K
}
Event: 5.000 GC heap after
{Heap after GC invocations=22 (full 0):
 garbage-first heap   total 433152K, used 79001K [0x0000000083800000, 0x0000000100000000)
  region size 1024K, 12 young (12288K), 12 survivors (12288K)
 Metaspace       used 37521K, committed 37888K, reserved 1089536K
  class space    used 4883K, committed 5056K, reserved 1048576K
}
Event: 5.293 GC heap before
{Heap before GC invocations=22 (full 0):
 garbage-first heap   total 433152K, used 325785K [0x0000000083800000, 0x0000000100000000)
  region size 1024K, 254 young (260096K), 12 survivors (12288K)
 Metaspace       used 38403K, committed 38720K, reserved 1089536K
  class space    used 4926K, committed 5056K, reserved 1048576K
}
Event: 5.344 GC heap after
{Heap after GC invocations=23 (full 0):
 garbage-first heap   total 433152K, used 89086K [0x0000000083800000, 0x0000000100000000)
  region size 1024K, 22 young (22528K), 22 survivors (22528K)
 Metaspace       used 38403K, committed 38720K, reserved 1089536K
  class space    used 4926K, committed 5056K, reserved 1048576K
}
Event: 5.559 GC heap before
{Heap before GC invocations=23 (full 0):
 garbage-first heap   total 433152K, used 324606K [0x0000000083800000, 0x0000000100000000)
  region size 1024K, 254 young (260096K), 22 survivors (22528K)
 Metaspace       used 38786K, committed 39104K, reserved 1089536K
  class space    used 4964K, committed 5120K, reserved 1048576K
}
Event: 5.605 GC heap after
{Heap after GC invocations=24 (full 0):
 garbage-first heap   total 433152K, used 99503K [0x0000000083800000, 0x0000000100000000)
  region size 1024K, 21 young (21504K), 21 survivors (21504K)
 Metaspace       used 38786K, committed 39104K, reserved 1089536K
  class space    used 4964K, committed 5120K, reserved 1048576K
}
Event: 5.873 GC heap before
{Heap before GC invocations=24 (full 0):
 garbage-first heap   total 433152K, used 337071K [0x0000000083800000, 0x0000000100000000)
  region size 1024K, 255 young (261120K), 21 survivors (21504K)
 Metaspace       used 39223K, committed 39552K, reserved 1089536K
  class space    used 5014K, committed 5184K, reserved 1048576K
}

