# JRE version: OpenJDK Runtime Environment Temurin-17.0.4+8 (17.0.4+8) (build 17.0.4+8)
# Java VM: OpenJDK 64-Bit Server VM Temurin-17.0.4+8 (17.0.4+8, mixed mode, emulated-client, tiered, compressed oops, compressed class ptrs, g1 gc, linux-amd64)
GC Precious Log:
 CPUs: 2 total, 2 available
 Memory: 7966M
 Large Page Support: Disabled
 NUMA Support: Disabled
 Compressed Oops: Enabled (32-bit)
 Heap Region Size: 1M
 Heap Min Capacity: 8M
 Heap Initial Capacity: 126M
 Heap Max Capacity: 1992M
 Pre-touch: Disabled
 Parallel Workers: 2
 Concurrent Workers: 1
 Concurrent Refinement Workers: 2
 Periodic GC: Disabled
Heap:
 garbage-first heap   total 282624K, used 88905K [0x0000000083800000, 0x0000000100000000)
  region size 1024K, 13 young (13312K), 13 survivors (13312K)
 Metaspace       used 39194K, committed 39488K, reserved 1089536K
  class space    used 5016K, committed 5120K, reserved 1048576K
GC Heap History (20 events):
Event: 3.109 GC heap after
{Heap after GC invocations=16 (full 0):
 garbage-first heap   total 118784K, used 33907K [0x0000000083800000, 0x0000000100000000)
  region size 1024K, 2 young (2048K), 2 survivors (2048K)
 Metaspace       used 34950K, committed 35264K, reserved 1081344K
  class space    used 4521K, committed 4672K, reserved 1048576K
}
Event: 3.490 GC heap before
{Heap before GC invocations=17 (full 0):
 garbage-first heap   total 118784K, used 83059K [0x0000000083800000, 0x0000000100000000)
  region size 1024K, 51 young (52224K), 2 survivors (2048K)
 Metaspace       used 36033K, committed 36416K, reserved 1081344K
  class space    used 4752K, committed 4928K, reserved 1048576K
}
Event: 3.571 GC heap after
{Heap after GC invocations=18 (full 0):
 garbage-first heap   total 118784K, used 47122K [0x0000000083800000, 0x0000000100000000)
  region size 1024K, 7 young (7168K), 7 survivors (7168K)
 Metaspace       used 36033K, committed 36416K, reserved 1081344K
  class space    used 4752K, committed 4928K, reserved 1048576K
}
Event: 3.780 GC heap before
{Heap before GC invocations=18 (full 0):
 garbage-first heap   total 118784K, used 81938K [0x0000000083800000, 0x0000000100000000)
  region size 1024K, 40 young (40960K), 7 survivors (7168K)
 Metaspace       used 36985K, committed 37312K, reserved 1089536K
  class space    used 4826K, committed 4992K, reserved 1048576K
}
Event: 3.837 GC heap after
{Heap after GC invocations=19 (full 0):
 garbage-first heap   total 118784K, used 63054K [0x0000000083800000, 0x0000000100000000)
  region size 1024K, 5 young (5120K), 5 survivors (5120K)
 Metaspace       used 36985K, committed 37312K, reserved 1089536K
  class space    used 4826K, committed 4992K, reserved 1048576K
}
Event: 3.879 GC heap before
{Heap before GC invocations=19 (full 0):
 garbage-first heap   total 118784K, used 85582K [0x0000000083800000, 0x0000000100000000)
  region size 1024K, 28 young (28672K), 5 survivors (5120K)
 Metaspace       used 37142K, committed 37440K, reserved 1089536K
  class space    used 4848K, committed 4992K, reserved 1048576K
}
Event: 3.889 GC heap after
{Heap after GC invocations=20 (full 0):
 garbage-first heap   total 118784K, used 65102K [0x0000000083800000, 0x0000000100000000)
  region size 1024K, 2 young (2048K), 2 survivors (2048K)
 Metaspace       used 37142K, committed 37440K, reserved 1089536K
  class space    used 4848K, committed 4992K, reserved 1048576K
}
Event: 3.949 GC heap before
{Heap before GC invocations=20 (full 0):
 garbage-first heap   total 118784K, used 87630K [0x0000000083800000, 0x0000000100000000)
  region size 1024K, 26 young (26624K), 2 survivors (2048K)
 Metaspace       used 37538K, committed 37888K, reserved 1089536K
  class space    used 4892K, committed 5056K, reserved 1048576K
}
Event: 3.954 GC heap after
{Heap after GC invocations=21 (full 0):
 garbage-first heap   total 118784K, used 65589K [0x0000000083800000, 0x0000000100000000)
  region size 1024K, 2 young (2048K), 2 survivors (2048K)
 Metaspace       used 37538K, committed 37888K, reserved 1089536K
  class space    used 4892K, committed 5056K, reserved 1048576K
}
Event: 3.989 GC heap before
{Heap before GC invocations=21 (full 0):
 garbage-first heap   total 118784K, used 90165K [0x0000000083800000, 0x0000000100000000)
  region size 1024K, 27 young (27648K), 2 survivors (2048K)
 Metaspace       used 37593K, committed 37888K, reserved 1089536K
  class space    used 4894K, committed 5056K, reserved 1048576K
}
Event: 3.994 GC heap after
{Heap after GC invocations=22 (full 0):
 garbage-first heap   total 282624K, used 66638K [0x0000000083800000, 0x0000000100000000)
  region size 1024K, 3 young (3072K), 3 survivors (3072K)
 Metaspace       used 37593K, committed 37888K, reserved 1089536K
  class space    used 4894K, committed 5056K, reserved 1048576K
}
Event: 4.190 GC heap before
{Heap before GC invocations=23 (full 0):
 garbage-first heap   total 276480K, used 202830K [0x0000000083800000, 0x0000000100000000)
  region size 1024K, 137 young (140288K), 3 survivors (3072K)
 Metaspace       used 38122K, committed 38400K, reserved 1089536K
  class space    used 4917K, committed 5056K, reserved 1048576K
}
Event: 4.205 GC heap after
{Heap after GC invocations=24 (full 0):
 garbage-first heap   total 276480K, used 71258K [0x0000000083800000, 0x0000000100000000)
  region size 1024K, 9 young (9216K), 9 survivors (9216K)
 Metaspace       used 38122K, committed 38400K, reserved 1089536K
  class space    used 4917K, committed 5056K, reserved 1048576K
}
Event: 4.208 GC heap before
{Heap before GC invocations=24 (full 0):
 garbage-first heap   total 276480K, used 74330K [0x0000000083800000, 0x0000000100000000)
  region size 1024K, 14 young (14336K), 9 survivors (9216K)
 Metaspace       used 38122K, committed 38400K, reserved 1089536K
  class space    used 4917K, committed 5056K, reserved 1048576K
}
Event: 4.220 GC heap after
{Heap after GC invocations=25 (full 0):
 garbage-first heap   total 276480K, used 70401K [0x0000000083800000, 0x0000000100000000)
  region size 1024K, 1 young (1024K), 1 survivors (1024K)
 Metaspace       used 38122K, committed 38400K, reserved 1089536K
  class space    used 4917K, committed 5056K, reserved 1048576K
}
Event: 4.332 GC heap before
{Heap before GC invocations=25 (full 0):
 garbage-first heap   total 276480K, used 212737K [0x0000000083800000, 0x0000000100000000)
  region size 1024K, 142 young (145408K), 1 survivors (1024K)
 Metaspace       used 38555K, committed 38848K, reserved 1089536K
  class space    used 4947K, committed 5056K, reserved 1048576K
}
Event: 4.346 GC heap after
{Heap after GC invocations=26 (full 0):
 garbage-first heap   total 276480K, used 77957K [0x0000000083800000, 0x0000000100000000)
  region size 1024K, 9 young (9216K), 9 survivors (9216K)
 Metaspace       used 38555K, committed 38848K, reserved 1089536K
  class space    used 4947K, committed 5056K, reserved 1048576K
}
Event: 4.461 GC heap before
{Heap before GC invocations=26 (full 0):
 garbage-first heap   total 276480K, used 215173K [0x0000000083800000, 0x0000000100000000)
  region size 1024K, 145 young (148480K), 9 survivors (9216K)
 Metaspace       used 38923K, committed 39296K, reserved 1089536K
  class space    used 4983K, committed 5120K, reserved 1048576K
}
Event: 4.478 GC heap after
{Heap after GC invocations=27 (full 0):
 garbage-first heap   total 276480K, used 82177K [0x0000000083800000, 0x0000000100000000)
  region size 1024K, 13 young (13312K), 13 survivors (13312K)
 Metaspace       used 38923K, committed 39296K, reserved 1089536K
  class space    used 4983K, committed 5120K, reserved 1048576K
}
Event: 4.629 GC heap before
{Heap before GC invocations=27 (full 0):
 garbage-first heap   total 276480K, used 220417K [0x0000000083800000, 0x0000000100000000)
  region size 1024K, 150 young (153600K), 13 survivors (13312K)
 Metaspace       used 39194K, committed 39488K, reserved 1089536K
  class space    used 5016K, committed 5120K, reserved 1048576K
}

