# JRE version: OpenJDK Runtime Environment Temurin-17.0.4+8 (17.0.4+8) (build 17.0.4+8)
# Java VM: OpenJDK 64-Bit Server VM Temurin-17.0.4+8 (17.0.4+8, mixed mode, emulated-client, tiered, compressed oops, compressed class ptrs, g1 gc, linux-amd64)
GC Precious Log:
 CPUs: 2 total, 2 available
 Memory: 7966M
 Large Page Support: Disabled
 NUMA Support: Disabled
 Compressed Oops: Enabled (32-bit)
 Heap Region Size: 1M
 Heap Min Capacity: 8M
 Heap Initial Capacity: 126M
 Heap Max Capacity: 1992M
 Pre-touch: Disabled
 Parallel Workers: 2
 Concurrent Workers: 1
 Concurrent Refinement Workers: 2
 Periodic GC: Disabled
Heap:
 garbage-first heap   total 325632K, used 85860K [0x0000000083800000, 0x0000000100000000)
  region size 1024K, 14 young (14336K), 14 survivors (14336K)
 Metaspace       used 36066K, committed 36352K, reserved 1081344K
  class space    used 4742K, committed 4864K, reserved 1048576K
GC Heap History (20 events):
Event: 5.627 GC heap after
{Heap after GC invocations=14 (full 0):
 garbage-first heap   total 108544K, used 30213K [0x0000000083800000, 0x0000000100000000)
  region size 1024K, 2 young (2048K), 2 survivors (2048K)
 Metaspace       used 33821K, committed 34176K, reserved 1081344K
  class space    used 4355K, committed 4544K, reserved 1048576K
}
Event: 5.888 GC heap before
{Heap before GC invocations=15 (full 0):
 garbage-first heap   total 108544K, used 76293K [0x0000000083800000, 0x0000000100000000)
  region size 1024K, 47 young (48128K), 2 survivors (2048K)
 Metaspace       used 34208K, committed 34560K, reserved 1081344K
  class space    used 4419K, committed 4608K, reserved 1048576K
}
Event: 5.936 GC heap after
{Heap after GC invocations=16 (full 0):
 garbage-first heap   total 108544K, used 38006K [0x0000000083800000, 0x0000000100000000)
  region size 1024K, 6 young (6144K), 6 survivors (6144K)
 Metaspace       used 34208K, committed 34560K, reserved 1081344K
  class space    used 4419K, committed 4608K, reserved 1048576K
}
Event: 5.940 GC heap before
{Heap before GC invocations=16 (full 0):
 garbage-first heap   total 108544K, used 39030K [0x0000000083800000, 0x0000000100000000)
  region size 1024K, 7 young (7168K), 6 survivors (6144K)
 Metaspace       used 34216K, committed 34560K, reserved 1081344K
  class space    used 4420K, committed 4608K, reserved 1048576K
}
Event: 5.981 GC heap after
{Heap after GC invocations=17 (full 0):
 garbage-first heap   total 108544K, used 38828K [0x0000000083800000, 0x0000000100000000)
  region size 1024K, 1 young (1024K), 1 survivors (1024K)
 Metaspace       used 34216K, committed 34560K, reserved 1081344K
  class space    used 4420K, committed 4608K, reserved 1048576K
}
Event: 6.370 GC heap before
{Heap before GC invocations=17 (full 0):
 garbage-first heap   total 108544K, used 74668K [0x0000000083800000, 0x0000000100000000)
  region size 1024K, 36 young (36864K), 1 survivors (1024K)
 Metaspace       used 34911K, committed 35200K, reserved 1081344K
  class space    used 4524K, committed 4672K, reserved 1048576K
}
Event: 6.474 GC heap after
{Heap after GC invocations=18 (full 0):
 garbage-first heap   total 108544K, used 53848K [0x0000000083800000, 0x0000000100000000)
  region size 1024K, 5 young (5120K), 5 survivors (5120K)
 Metaspace       used 34911K, committed 35200K, reserved 1081344K
  class space    used 4524K, committed 4672K, reserved 1048576K
}
Event: 6.558 GC heap before
{Heap before GC invocations=18 (full 0):
 garbage-first heap   total 108544K, used 59992K [0x0000000083800000, 0x0000000100000000)
  region size 1024K, 12 young (12288K), 5 survivors (5120K)
 Metaspace       used 35170K, committed 35456K, reserved 1081344K
  class space    used 4567K, committed 4736K, reserved 1048576K
}
Event: 6.624 GC heap after
{Heap after GC invocations=19 (full 0):
 garbage-first heap   total 108544K, used 58134K [0x0000000083800000, 0x0000000100000000)
  region size 1024K, 4 young (4096K), 4 survivors (4096K)
 Metaspace       used 35170K, committed 35456K, reserved 1081344K
  class space    used 4567K, committed 4736K, reserved 1048576K
}
Event: 6.821 GC heap before
{Heap before GC invocations=19 (full 0):
 garbage-first heap   total 108544K, used 77590K [0x0000000083800000, 0x0000000100000000)
  region size 1024K, 23 young (23552K), 4 survivors (4096K)
 Metaspace       used 35489K, committed 35840K, reserved 1081344K
  class space    used 4627K, committed 4800K, reserved 1048576K
}
Event: 6.873 GC heap after
{Heap after GC invocations=20 (full 0):
 garbage-first heap   total 325632K, used 64088K [0x0000000083800000, 0x0000000100000000)
  region size 1024K, 3 young (3072K), 3 survivors (3072K)
 Metaspace       used 35489K, committed 35840K, reserved 1081344K
  class space    used 4627K, committed 4800K, reserved 1048576K
}
Event: 7.091 GC heap before
{Heap before GC invocations=20 (full 0):
 garbage-first heap   total 325632K, used 126552K [0x0000000083800000, 0x0000000100000000)
  region size 1024K, 66 young (67584K), 3 survivors (3072K)
 Metaspace       used 35853K, committed 36224K, reserved 1081344K
  class space    used 4703K, committed 4864K, reserved 1048576K
}
Event: 7.120 GC heap after
{Heap after GC invocations=21 (full 0):
 garbage-first heap   total 325632K, used 65733K [0x0000000083800000, 0x0000000100000000)
  region size 1024K, 6 young (6144K), 6 survivors (6144K)
 Metaspace       used 35853K, committed 36224K, reserved 1081344K
  class space    used 4703K, committed 4864K, reserved 1048576K
}
Event: 7.422 GC heap before
{Heap before GC invocations=22 (full 0):
 garbage-first heap   total 325632K, used 237765K [0x0000000083800000, 0x0000000100000000)
  region size 1024K, 174 young (178176K), 6 survivors (6144K)
 Metaspace       used 36066K, committed 36352K, reserved 1081344K
  class space    used 4742K, committed 4864K, reserved 1048576K
}
Event: 7.496 GC heap after
{Heap after GC invocations=23 (full 0):
 garbage-first heap   total 325632K, used 72237K [0x0000000083800000, 0x0000000100000000)
  region size 1024K, 12 young (12288K), 12 survivors (12288K)
 Metaspace       used 36066K, committed 36352K, reserved 1081344K
  class space    used 4742K, committed 4864K, reserved 1048576K
}
Event: 7.505 GC heap before
{Heap before GC invocations=23 (full 0):
 garbage-first heap   total 325632K, used 75309K [0x0000000083800000, 0x0000000100000000)
  region size 1024K, 16 young (16384K), 12 survivors (12288K)
 Metaspace       used 36066K, committed 36352K, reserved 1081344K
  class space    used 4742K, committed 4864K, reserved 1048576K
}
Event: 7.540 GC heap after
{Heap after GC invocations=24 (full 0):
 garbage-first heap   total 325632K, used 73254K [0x0000000083800000, 0x0000000100000000)
  region size 1024K, 2 young (2048K), 2 survivors (2048K)
 Metaspace       used 36066K, committed 36352K, reserved 1081344K
  class space    used 4742K, committed 4864K, reserved 1048576K
}
Event: 7.754 GC heap before
{Heap before GC invocations=24 (full 0):
 garbage-first heap   total 325632K, used 243238K [0x0000000083800000, 0x0000000100000000)
  region size 1024K, 169 young (173056K), 2 survivors (2048K)
 Metaspace       used 36066K, committed 36352K, reserved 1081344K
  class space    used 4742K, committed 4864K, reserved 1048576K
}
Event: 7.780 GC heap after
{Heap after GC invocations=25 (full 0):
 garbage-first heap   total 325632K, used 78692K [0x0000000083800000, 0x0000000100000000)
  region size 1024K, 7 young (7168K), 7 survivors (7168K)
 Metaspace       used 36066K, committed 36352K, reserved 1081344K
  class space    used 4742K, committed 4864K, reserved 1048576K
}
Event: 7.961 GC heap before
{Heap before GC invocations=25 (full 0):
 garbage-first heap   total 325632K, used 251748K [0x0000000083800000, 0x0000000100000000)
  region size 1024K, 177 young (181248K), 7 survivors (7168K)
 Metaspace       used 36066K, committed 36352K, reserved 1081344K
  class space    used 4742K, committed 4864K, reserved 1048576K
}

