# JRE version: OpenJDK Runtime Environment Temurin-17.0.4+8 (17.0.4+8) (build 17.0.4+8)
# Java VM: OpenJDK 64-Bit Server VM Temurin-17.0.4+8 (17.0.4+8, mixed mode, emulated-client, tiered, compressed oops, compressed class ptrs, g1 gc, linux-amd64)
GC Precious Log:
 CPUs: 2 total, 2 available
 Memory: 7966M
 Large Page Support: Disabled
 NUMA Support: Disabled
 Compressed Oops: Enabled (32-bit)
 Heap Region Size: 1M
 Heap Min Capacity: 8M
 Heap Initial Capacity: 126M
 Heap Max Capacity: 1992M
 Pre-touch: Disabled
 Parallel Workers: 2
 Concurrent Workers: 1
 Concurrent Refinement Workers: 2
 Periodic GC: Disabled
Heap:
 garbage-first heap   total 518144K, used 127955K [0x0000000083800000, 0x0000000100000000)
  region size 1024K, 1 young (1024K), 1 survivors (1024K)
 Metaspace       used 40109K, committed 40512K, reserved 1089536K
  class space    used 5125K, committed 5312K, reserved 1048576K
GC Heap History (20 events):
Event: 8.319 GC heap after
{Heap after GC invocations=17 (full 0):
 garbage-first heap   total 195584K, used 56275K [0x0000000083800000, 0x0000000100000000)
  region size 1024K, 3 young (3072K), 3 survivors (3072K)
 Metaspace       used 34805K, committed 35136K, reserved 1081344K
  class space    used 4497K, committed 4672K, reserved 1048576K
}
Event: 8.773 GC heap before
{Heap before GC invocations=17 (full 0):
 garbage-first heap   total 195584K, used 120787K [0x0000000083800000, 0x0000000100000000)
  region size 1024K, 67 young (68608K), 3 survivors (3072K)
 Metaspace       used 35698K, committed 36032K, reserved 1081344K
  class space    used 4642K, committed 4800K, reserved 1048576K
}
Event: 8.853 GC heap after
{Heap after GC invocations=18 (full 0):
 garbage-first heap   total 195584K, used 63721K [0x0000000083800000, 0x0000000100000000)
  region size 1024K, 9 young (9216K), 9 survivors (9216K)
 Metaspace       used 35698K, committed 36032K, reserved 1081344K
  class space    used 4642K, committed 4800K, reserved 1048576K
}
Event: 8.952 GC heap before
{Heap before GC invocations=18 (full 0):
 garbage-first heap   total 195584K, used 127209K [0x0000000083800000, 0x0000000100000000)
  region size 1024K, 73 young (74752K), 9 survivors (9216K)
 Metaspace       used 35900K, committed 36288K, reserved 1081344K
  class space    used 4691K, committed 4864K, reserved 1048576K
}
Event: 8.990 GC heap after
{Heap after GC invocations=19 (full 0):
 garbage-first heap   total 195584K, used 66739K [0x0000000083800000, 0x0000000100000000)
  region size 1024K, 3 young (3072K), 3 survivors (3072K)
 Metaspace       used 35900K, committed 36288K, reserved 1081344K
  class space    used 4691K, committed 4864K, reserved 1048576K
}
Event: 9.074 GC heap before
{Heap before GC invocations=19 (full 0):
 garbage-first heap   total 195584K, used 133299K [0x0000000083800000, 0x0000000100000000)
  region size 1024K, 69 young (70656K), 3 survivors (3072K)
 Metaspace       used 36046K, committed 36352K, reserved 1081344K
  class space    used 4723K, committed 4864K, reserved 1048576K
}
Event: 9.094 GC heap after
{Heap after GC invocations=20 (full 0):
 garbage-first heap   total 195584K, used 68787K [0x0000000083800000, 0x0000000100000000)
  region size 1024K, 5 young (5120K), 5 survivors (5120K)
 Metaspace       used 36046K, committed 36352K, reserved 1081344K
  class space    used 4723K, committed 4864K, reserved 1048576K
}
Event: 9.116 GC heap before
{Heap before GC invocations=20 (full 0):
 garbage-first heap   total 195584K, used 93363K [0x0000000083800000, 0x0000000100000000)
  region size 1024K, 31 young (31744K), 5 survivors (5120K)
 Metaspace       used 36138K, committed 36416K, reserved 1081344K
  class space    used 4738K, committed 4864K, reserved 1048576K
}
Event: 9.130 GC heap after
{Heap after GC invocations=21 (full 0):
 garbage-first heap   total 518144K, used 70283K [0x0000000083800000, 0x0000000100000000)
  region size 1024K, 7 young (7168K), 7 survivors (7168K)
 Metaspace       used 36138K, committed 36416K, reserved 1081344K
  class space    used 4738K, committed 4864K, reserved 1048576K
}
Event: 9.925 GC heap before
{Heap before GC invocations=22 (full 0):
 garbage-first heap   total 518144K, used 371339K [0x0000000083800000, 0x0000000100000000)
  region size 1024K, 303 young (310272K), 7 survivors (7168K)
 Metaspace       used 37393K, committed 37696K, reserved 1089536K
  class space    used 4885K, committed 5056K, reserved 1048576K
}
Event: 9.982 GC heap after
{Heap after GC invocations=23 (full 0):
 garbage-first heap   total 518144K, used 81075K [0x0000000083800000, 0x0000000100000000)
  region size 1024K, 18 young (18432K), 18 survivors (18432K)
 Metaspace       used 37393K, committed 37696K, reserved 1089536K
  class space    used 4885K, committed 5056K, reserved 1048576K
}
Event: 10.003 GC heap before
{Heap before GC invocations=23 (full 0):
 garbage-first heap   total 518144K, used 87219K [0x0000000083800000, 0x0000000100000000)
  region size 1024K, 26 young (26624K), 18 survivors (18432K)
 Metaspace       used 37429K, committed 37760K, reserved 1089536K
  class space    used 4886K, committed 5056K, reserved 1048576K
}
Event: 10.077 GC heap after
{Heap after GC invocations=24 (full 0):
 garbage-first heap   total 518144K, used 81195K [0x0000000083800000, 0x0000000100000000)
  region size 1024K, 1 young (1024K), 1 survivors (1024K)
 Metaspace       used 37429K, committed 37760K, reserved 1089536K
  class space    used 4886K, committed 5056K, reserved 1048576K
}
Event: 10.585 GC heap before
{Heap before GC invocations=24 (full 0):
 garbage-first heap   total 518144K, used 389419K [0x0000000083800000, 0x0000000100000000)
  region size 1024K, 304 young (311296K), 1 survivors (1024K)
 Metaspace       used 38604K, committed 38976K, reserved 1089536K
  class space    used 4960K, committed 5120K, reserved 1048576K
}
Event: 10.670 GC heap after
{Heap after GC invocations=25 (full 0):
 garbage-first heap   total 518144K, used 97353K [0x0000000083800000, 0x0000000100000000)
  region size 1024K, 17 young (17408K), 17 survivors (17408K)
 Metaspace       used 38604K, committed 38976K, reserved 1089536K
  class space    used 4960K, committed 5120K, reserved 1048576K
}
Event: 11.121 GC heap before
{Heap before GC invocations=25 (full 0):
 garbage-first heap   total 518144K, used 389193K [0x0000000083800000, 0x0000000100000000)
  region size 1024K, 303 young (310272K), 17 survivors (17408K)
 Metaspace       used 39259K, committed 39616K, reserved 1089536K
  class space    used 5031K, committed 5184K, reserved 1048576K
}
Event: 11.172 GC heap after
{Heap after GC invocations=26 (full 0):
 garbage-first heap   total 518144K, used 106283K [0x0000000083800000, 0x0000000100000000)
  region size 1024K, 26 young (26624K), 26 survivors (26624K)
 Metaspace       used 39259K, committed 39616K, reserved 1089536K
  class space    used 5031K, committed 5184K, reserved 1048576K
}
Event: 11.534 GC heap before
{Heap before GC invocations=27 (full 0):
 garbage-first heap   total 518144K, used 388907K [0x0000000083800000, 0x0000000100000000)
  region size 1024K, 303 young (310272K), 26 survivors (26624K)
 Metaspace       used 40109K, committed 40512K, reserved 1089536K
  class space    used 5125K, committed 5312K, reserved 1048576K
}
Event: 11.611 GC heap after
{Heap after GC invocations=28 (full 0):
 garbage-first heap   total 518144K, used 127440K [0x0000000083800000, 0x0000000100000000)
  region size 1024K, 32 young (32768K), 32 survivors (32768K)
 Metaspace       used 40109K, committed 40512K, reserved 1089536K
  class space    used 5125K, committed 5312K, reserved 1048576K
}
Event: 11.615 GC heap before
{Heap before GC invocations=28 (full 0):
 garbage-first heap   total 518144K, used 127440K [0x0000000083800000, 0x0000000100000000)
  region size 1024K, 33 young (33792K), 32 survivors (32768K)
 Metaspace       used 40109K, committed 40512K, reserved 1089536K
  class space    used 5125K, committed 5312K, reserved 1048576K
}

