# JRE version: OpenJDK Runtime Environment Temurin-17.0.4+8 (17.0.4+8) (build 17.0.4+8)
# Java VM: OpenJDK 64-Bit Server VM Temurin-17.0.4+8 (17.0.4+8, mixed mode, emulated-client, tiered, compressed oops, compressed class ptrs, g1 gc, linux-amd64)
GC Precious Log:
 CPUs: 2 total, 2 available
 Memory: 7966M
 Large Page Support: Disabled
 NUMA Support: Disabled
 Compressed Oops: Enabled (32-bit)
 Heap Region Size: 1M
 Heap Min Capacity: 8M
 Heap Initial Capacity: 126M
 Heap Max Capacity: 1992M
 Pre-touch: Disabled
 Parallel Workers: 2
 Concurrent Workers: 1
 Concurrent Refinement Workers: 2
 Periodic GC: Disabled
Heap:
 garbage-first heap   total 307200K, used 87694K [0x0000000083800000, 0x0000000100000000)
  region size 1024K, 14 young (14336K), 14 survivors (14336K)
 Metaspace       used 36060K, committed 36352K, reserved 1081344K
  class space    used 4738K, committed 4864K, reserved 1048576K
GC Heap History (20 events):
Event: 5.269 GC heap after
{Heap after GC invocations=14 (full 0):
 garbage-first heap   total 102400K, used 30218K [0x0000000083800000, 0x0000000100000000)
  region size 1024K, 2 young (2048K), 2 survivors (2048K)
 Metaspace       used 33748K, committed 34048K, reserved 1081344K
  class space    used 4341K, committed 4480K, reserved 1048576K
}
Event: 5.422 GC heap before
{Heap before GC invocations=15 (full 0):
 garbage-first heap   total 102400K, used 72202K [0x0000000083800000, 0x0000000100000000)
  region size 1024K, 44 young (45056K), 2 survivors (2048K)
 Metaspace       used 34069K, committed 34368K, reserved 1081344K
  class space    used 4393K, committed 4544K, reserved 1048576K
}
Event: 5.437 GC heap after
{Heap after GC invocations=16 (full 0):
 garbage-first heap   total 102400K, used 38048K [0x0000000083800000, 0x0000000100000000)
  region size 1024K, 6 young (6144K), 6 survivors (6144K)
 Metaspace       used 34069K, committed 34368K, reserved 1081344K
  class space    used 4393K, committed 4544K, reserved 1048576K
}
Event: 5.562 GC heap before
{Heap before GC invocations=16 (full 0):
 garbage-first heap   total 102400K, used 70816K [0x0000000083800000, 0x0000000100000000)
  region size 1024K, 38 young (38912K), 6 survivors (6144K)
 Metaspace       used 34559K, committed 34880K, reserved 1081344K
  class space    used 4466K, committed 4608K, reserved 1048576K
}
Event: 5.593 GC heap after
{Heap after GC invocations=17 (full 0):
 garbage-first heap   total 102400K, used 51426K [0x0000000083800000, 0x0000000100000000)
  region size 1024K, 5 young (5120K), 5 survivors (5120K)
 Metaspace       used 34559K, committed 34880K, reserved 1081344K
  class space    used 4466K, committed 4608K, reserved 1048576K
}
Event: 5.626 GC heap before
{Heap before GC invocations=17 (full 0):
 garbage-first heap   total 102400K, used 61666K [0x0000000083800000, 0x0000000100000000)
  region size 1024K, 17 young (17408K), 5 survivors (5120K)
 Metaspace       used 34682K, committed 35008K, reserved 1081344K
  class space    used 4487K, committed 4672K, reserved 1048576K
}
Event: 5.642 GC heap after
{Heap after GC invocations=18 (full 0):
 garbage-first heap   total 102400K, used 57748K [0x0000000083800000, 0x0000000100000000)
  region size 1024K, 4 young (4096K), 4 survivors (4096K)
 Metaspace       used 34682K, committed 35008K, reserved 1081344K
  class space    used 4487K, committed 4672K, reserved 1048576K
}
Event: 5.733 GC heap before
{Heap before GC invocations=18 (full 0):
 garbage-first heap   total 102400K, used 75156K [0x0000000083800000, 0x0000000100000000)
  region size 1024K, 21 young (21504K), 4 survivors (4096K)
 Metaspace       used 34847K, committed 35136K, reserved 1081344K
  class space    used 4509K, committed 4672K, reserved 1048576K
}
Event: 5.769 GC heap after
{Heap after GC invocations=19 (full 0):
 garbage-first heap   total 102400K, used 63892K [0x0000000083800000, 0x0000000100000000)
  region size 1024K, 3 young (3072K), 3 survivors (3072K)
 Metaspace       used 34847K, committed 35136K, reserved 1081344K
  class space    used 4509K, committed 4672K, reserved 1048576K
}
Event: 5.804 GC heap before
{Heap before GC invocations=19 (full 0):
 garbage-first heap   total 102400K, used 77204K [0x0000000083800000, 0x0000000100000000)
  region size 1024K, 17 young (17408K), 3 survivors (3072K)
 Metaspace       used 34997K, committed 35264K, reserved 1081344K
  class space    used 4531K, committed 4672K, reserved 1048576K
}
Event: 5.824 GC heap after
{Heap after GC invocations=20 (full 0):
 garbage-first heap   total 307200K, used 65406K [0x0000000083800000, 0x0000000100000000)
  region size 1024K, 1 young (1024K), 1 survivors (1024K)
 Metaspace       used 34997K, committed 35264K, reserved 1081344K
  class space    used 4531K, committed 4672K, reserved 1048576K
}
Event: 6.049 GC heap before
{Heap before GC invocations=21 (full 0):
 garbage-first heap   total 307200K, used 167806K [0x0000000083800000, 0x0000000100000000)
  region size 1024K, 103 young (105472K), 1 survivors (1024K)
 Metaspace       used 35413K, committed 35776K, reserved 1081344K
  class space    used 4596K, committed 4736K, reserved 1048576K
}
Event: 6.057 GC heap after
{Heap after GC invocations=22 (full 0):
 garbage-first heap   total 307200K, used 68500K [0x0000000083800000, 0x0000000100000000)
  region size 1024K, 5 young (5120K), 5 survivors (5120K)
 Metaspace       used 35413K, committed 35776K, reserved 1081344K
  class space    used 4596K, committed 4736K, reserved 1048576K
}
Event: 6.067 GC heap before
{Heap before GC invocations=22 (full 0):
 garbage-first heap   total 307200K, used 77716K [0x0000000083800000, 0x0000000100000000)
  region size 1024K, 15 young (15360K), 5 survivors (5120K)
 Metaspace       used 35461K, committed 35776K, reserved 1081344K
  class space    used 4606K, committed 4736K, reserved 1048576K
}
Event: 6.074 GC heap after
{Heap after GC invocations=23 (full 0):
 garbage-first heap   total 307200K, used 68737K [0x0000000083800000, 0x0000000100000000)
  region size 1024K, 1 young (1024K), 1 survivors (1024K)
 Metaspace       used 35461K, committed 35776K, reserved 1081344K
  class space    used 4606K, committed 4736K, reserved 1048576K
}
Event: 6.208 GC heap before
{Heap before GC invocations=23 (full 0):
 garbage-first heap   total 307200K, used 226433K [0x0000000083800000, 0x0000000100000000)
  region size 1024K, 157 young (160768K), 1 survivors (1024K)
 Metaspace       used 36059K, committed 36352K, reserved 1081344K
  class space    used 4737K, committed 4864K, reserved 1048576K
}
Event: 6.219 GC heap after
{Heap after GC invocations=24 (full 0):
 garbage-first heap   total 307200K, used 73961K [0x0000000083800000, 0x0000000100000000)
  region size 1024K, 6 young (6144K), 6 survivors (6144K)
 Metaspace       used 36059K, committed 36352K, reserved 1081344K
  class space    used 4737K, committed 4864K, reserved 1048576K
}
Event: 6.335 GC heap before
{Heap before GC invocations=24 (full 0):
 garbage-first heap   total 307200K, used 233705K [0x0000000083800000, 0x0000000100000000)
  region size 1024K, 163 young (166912K), 6 survivors (6144K)
 Metaspace       used 36060K, committed 36352K, reserved 1081344K
  class space    used 4738K, committed 4864K, reserved 1048576K
}
Event: 6.354 GC heap after
{Heap after GC invocations=25 (full 0):
 garbage-first heap   total 307200K, used 81162K [0x0000000083800000, 0x0000000100000000)
  region size 1024K, 13 young (13312K), 13 survivors (13312K)
 Metaspace       used 36060K, committed 36352K, reserved 1081344K
  class space    used 4738K, committed 4864K, reserved 1048576K
}
Event: 6.456 GC heap before
{Heap before GC invocations=25 (full 0):
 garbage-first heap   total 307200K, used 238858K [0x0000000083800000, 0x0000000100000000)
  region size 1024K, 169 young (173056K), 13 survivors (13312K)
 Metaspace       used 36060K, committed 36352K, reserved 1081344K
  class space    used 4738K, committed 4864K, reserved 1048576K
}

