# JRE version: OpenJDK Runtime Environment Temurin-17.0.4+8 (17.0.4+8) (build 17.0.4+8)
# Java VM: OpenJDK 64-Bit Server VM Temurin-17.0.4+8 (17.0.4+8, mixed mode, emulated-client, tiered, compressed oops, compressed class ptrs, g1 gc, linux-amd64)
GC Precious Log:
 CPUs: 2 total, 2 available
 Memory: 7966M
 Large Page Support: Disabled
 NUMA Support: Disabled
 Compressed Oops: Enabled (32-bit)
 Heap Region Size: 1M
 Heap Min Capacity: 8M
 Heap Initial Capacity: 126M
 Heap Max Capacity: 1992M
 Pre-touch: Disabled
 Parallel Workers: 2
 Concurrent Workers: 1
 Concurrent Refinement Workers: 2
 Periodic GC: Disabled
Heap:
 garbage-first heap   total 270336K, used 86685K [0x0000000083800000, 0x0000000100000000)
  region size 1024K, 12 young (12288K), 12 survivors (12288K)
 Metaspace       used 38397K, committed 38656K, reserved 1089536K
  class space    used 4930K, committed 5056K, reserved 1048576K
GC Heap History (20 events):
Event: 3.086 GC heap after
{Heap after GC invocations=15 (full 0):
 garbage-first heap   total 116736K, used 33313K [0x0000000083800000, 0x0000000100000000)
  region size 1024K, 2 young (2048K), 2 survivors (2048K)
 Metaspace       used 34007K, committed 34304K, reserved 1081344K
  class space    used 4379K, committed 4544K, reserved 1048576K
}
Event: 3.262 GC heap before
{Heap before GC invocations=16 (full 0):
 garbage-first heap   total 116736K, used 83489K [0x0000000083800000, 0x0000000100000000)
  region size 1024K, 51 young (52224K), 2 survivors (2048K)
 Metaspace       used 34579K, committed 34880K, reserved 1081344K
  class space    used 4471K, committed 4608K, reserved 1048576K
}
Event: 3.285 GC heap after
{Heap after GC invocations=17 (full 0):
 garbage-first heap   total 116736K, used 46791K [0x0000000083800000, 0x0000000100000000)
  region size 1024K, 7 young (7168K), 7 survivors (7168K)
 Metaspace       used 34579K, committed 34880K, reserved 1081344K
  class space    used 4471K, committed 4608K, reserved 1048576K
}
Event: 3.506 GC heap before
{Heap before GC invocations=17 (full 0):
 garbage-first heap   total 116736K, used 81607K [0x0000000083800000, 0x0000000100000000)
  region size 1024K, 41 young (41984K), 7 survivors (7168K)
 Metaspace       used 36041K, committed 36352K, reserved 1081344K
  class space    used 4741K, committed 4864K, reserved 1048576K
}
Event: 3.555 GC heap after
{Heap after GC invocations=18 (full 0):
 garbage-first heap   total 116736K, used 62793K [0x0000000083800000, 0x0000000100000000)
  region size 1024K, 5 young (5120K), 5 survivors (5120K)
 Metaspace       used 36041K, committed 36352K, reserved 1081344K
  class space    used 4741K, committed 4864K, reserved 1048576K
}
Event: 3.614 GC heap before
{Heap before GC invocations=18 (full 0):
 garbage-first heap   total 116736K, used 84297K [0x0000000083800000, 0x0000000100000000)
  region size 1024K, 27 young (27648K), 5 survivors (5120K)
 Metaspace       used 36120K, committed 36480K, reserved 1081344K
  class space    used 4759K, committed 4928K, reserved 1048576K
}
Event: 3.635 GC heap after
{Heap after GC invocations=19 (full 0):
 garbage-first heap   total 116736K, used 64841K [0x0000000083800000, 0x0000000100000000)
  region size 1024K, 2 young (2048K), 2 survivors (2048K)
 Metaspace       used 36120K, committed 36480K, reserved 1081344K
  class space    used 4759K, committed 4928K, reserved 1048576K
}
Event: 3.695 GC heap before
{Heap before GC invocations=19 (full 0):
 garbage-first heap   total 116736K, used 87369K [0x0000000083800000, 0x0000000100000000)
  region size 1024K, 25 young (25600K), 2 survivors (2048K)
 Metaspace       used 36238K, committed 36608K, reserved 1081344K
  class space    used 4774K, committed 4928K, reserved 1048576K
}
Event: 3.698 GC heap after
{Heap after GC invocations=20 (full 0):
 garbage-first heap   total 116736K, used 65552K [0x0000000083800000, 0x0000000100000000)
  region size 1024K, 3 young (3072K), 3 survivors (3072K)
 Metaspace       used 36238K, committed 36608K, reserved 1081344K
  class space    used 4774K, committed 4928K, reserved 1048576K
}
Event: 3.728 GC heap before
{Heap before GC invocations=20 (full 0):
 garbage-first heap   total 116736K, used 89104K [0x0000000083800000, 0x0000000100000000)
  region size 1024K, 27 young (27648K), 3 survivors (3072K)
 Metaspace       used 36269K, committed 36608K, reserved 1081344K
  class space    used 4780K, committed 4928K, reserved 1048576K
}
Event: 3.733 GC heap after
{Heap after GC invocations=21 (full 0):
 garbage-first heap   total 270336K, used 66580K [0x0000000083800000, 0x0000000100000000)
  region size 1024K, 4 young (4096K), 4 survivors (4096K)
 Metaspace       used 36269K, committed 36608K, reserved 1081344K
  class space    used 4780K, committed 4928K, reserved 1048576K
}
Event: 3.917 GC heap before
{Heap before GC invocations=21 (full 0):
 garbage-first heap   total 270336K, used 186388K [0x0000000083800000, 0x0000000100000000)
  region size 1024K, 122 young (124928K), 4 survivors (4096K)
 Metaspace       used 36879K, committed 37248K, reserved 1089536K
  class space    used 4821K, committed 4992K, reserved 1048576K
}
Event: 3.931 GC heap after
{Heap after GC invocations=22 (full 0):
 garbage-first heap   total 270336K, used 71296K [0x0000000083800000, 0x0000000100000000)
  region size 1024K, 8 young (8192K), 8 survivors (8192K)
 Metaspace       used 36879K, committed 37248K, reserved 1089536K
  class space    used 4821K, committed 4992K, reserved 1048576K
}
Event: 4.099 GC heap before
{Heap before GC invocations=23 (full 0):
 garbage-first heap   total 270336K, used 205440K [0x0000000083800000, 0x0000000100000000)
  region size 1024K, 141 young (144384K), 8 survivors (8192K)
 Metaspace       used 37341K, committed 37632K, reserved 1089536K
  class space    used 4872K, committed 4992K, reserved 1048576K
}
Event: 4.119 GC heap after
{Heap after GC invocations=24 (full 0):
 garbage-first heap   total 270336K, used 75081K [0x0000000083800000, 0x0000000100000000)
  region size 1024K, 13 young (13312K), 13 survivors (13312K)
 Metaspace       used 37341K, committed 37632K, reserved 1089536K
  class space    used 4872K, committed 4992K, reserved 1048576K
}
Event: 4.121 GC heap before
{Heap before GC invocations=24 (full 0):
 garbage-first heap   total 270336K, used 75081K [0x0000000083800000, 0x0000000100000000)
  region size 1024K, 14 young (14336K), 13 survivors (13312K)
 Metaspace       used 37346K, committed 37632K, reserved 1089536K
  class space    used 4872K, committed 4992K, reserved 1048576K
}
Event: 4.137 GC heap after
{Heap after GC invocations=25 (full 0):
 garbage-first heap   total 270336K, used 75452K [0x0000000083800000, 0x0000000100000000)
  region size 1024K, 1 young (1024K), 1 survivors (1024K)
 Metaspace       used 37346K, committed 37632K, reserved 1089536K
  class space    used 4872K, committed 4992K, reserved 1048576K
}
Event: 4.242 GC heap before
{Heap before GC invocations=25 (full 0):
 garbage-first heap   total 270336K, used 211644K [0x0000000083800000, 0x0000000100000000)
  region size 1024K, 136 young (139264K), 1 survivors (1024K)
 Metaspace       used 37772K, committed 38080K, reserved 1089536K
  class space    used 4905K, committed 5056K, reserved 1048576K
}
Event: 4.250 GC heap after
{Heap after GC invocations=26 (full 0):
 garbage-first heap   total 270336K, used 80395K [0x0000000083800000, 0x0000000100000000)
  region size 1024K, 6 young (6144K), 6 survivors (6144K)
 Metaspace       used 37772K, committed 38080K, reserved 1089536K
  class space    used 4905K, committed 5056K, reserved 1048576K
}
Event: 4.353 GC heap before
{Heap before GC invocations=26 (full 0):
 garbage-first heap   total 270336K, used 216587K [0x0000000083800000, 0x0000000100000000)
  region size 1024K, 140 young (143360K), 6 survivors (6144K)
 Metaspace       used 38397K, committed 38656K, reserved 1089536K
  class space    used 4930K, committed 5056K, reserved 1048576K
}

